----------------------------------------------------------------
<<<<<<< HEAD
Wed Sep 13 04:54:08 COT 2017:
 Iniciando instancia a816c00e-015e-7aa8-faf6-00000eddf9e8 de Derby, versión The Apache Software Foundation - Apache Derby - 10.10.2.0 - (1582446): 
en el directorio de base de datos C:\Users\ce.quintero\AppData\Local\Temp\gfembed458004213978136667tmp\lib\databases\embedded_default con el cargador de clases sun.misc.Launcher$AppClassLoader@6bc7c054
Cargado desde file:/C:/Users/ce.quintero/.m2/repository/org/glassfish/main/extras/glassfish-embedded-all/4.1/glassfish-embedded-all-4.1.jar
java.vendor=Oracle Corporation
java.runtime.version=1.8.0_144-b01
user.dir=C:\Users\ce.quintero\Desktop\PERSISTENS\SSS\s1_especialistas\especialistas\especialistas-back
=======
Tue Sep 12 23:55:49 COT 2017:
 Iniciando instancia a816c00e-015e-7997-de3b-00000e484ee8 de Derby, versión The Apache Software Foundation - Apache Derby - 10.10.2.0 - (1582446): 
en el directorio de base de datos C:\Users\jr.restom10\AppData\Local\Temp\gfembed1535830888509946307tmp\lib\databases\embedded_default con el cargador de clases sun.misc.Launcher$AppClassLoader@6bc7c054
Cargado desde file:/C:/Users/jr.restom10/.m2/repository/org/glassfish/main/extras/glassfish-embedded-all/4.1/glassfish-embedded-all-4.1.jar
java.vendor=Oracle Corporation
java.runtime.version=1.8.0_144-b01
user.dir=C:\Users\jr.restom10\Documents\NetBeansProjects\cities\s1_especialistas\especialistas\especialistas-back
>>>>>>> 8620a53b5403522fd5e8554faaf9a8e0c8fca007
os.name=Windows 7
os.arch=amd64
os.version=6.1
derby.system.home=null
Cargador de clases de base de datos iniciado - derby.database.classpath=''
